<?xml version="1.0" encoding="UTF-8"?>
<!-- Generated by org.testng.reporters.JUnitReportReporter -->
<testsuite skipped="0" hostname="DESKTOP-ONH3S9L" name="seleniumDemo.TagNameLocator" tests="1" failures="0" timestamp="2020-08-22T17:53:52 CDT" time="12.271" errors="0">
  <testcase name="tagName" time="12.271" classname="seleniumDemo.TagNameLocator"/>
</testsuite> <!-- seleniumDemo.TagNameLocator -->
