<?xml version="1.0" encoding="UTF-8"?>
<!-- Generated by org.testng.reporters.JUnitReportReporter -->
<testsuite skipped="0" hostname="DESKTOP-ONH3S9L" name="testNGtestCases.CreateLead" tests="2" failures="0" timestamp="2020-08-07T19:58:33 CDT" time="71.107" errors="0">
  <testcase name="createLead" time="40.424" classname="testNGtestCases.CreateLead"/>
  <testcase name="createLead" time="30.683" classname="testNGtestCases.CreateLead"/>
</testsuite> <!-- testNGtestCases.CreateLead -->
