<?xml version="1.0" encoding="UTF-8"?>
<!-- Generated by org.testng.reporters.JUnitReportReporter -->
<testsuite skipped="0" hostname="DESKTOP-ONH3S9L" name="paraDataPro_testcaseTestNG.ParaDataPro_CreateLead" tests="2" failures="0" timestamp="2020-10-23T00:20:22 CDT" time="69.721" errors="0">
  <testcase name="createLead" time="36.712" classname="paraDataPro_testcaseTestNG.ParaDataPro_CreateLead"/>
  <testcase name="createLead" time="33.009" classname="paraDataPro_testcaseTestNG.ParaDataPro_CreateLead"/>
</testsuite> <!-- paraDataPro_testcaseTestNG.ParaDataPro_CreateLead -->
