<?xml version="1.0" encoding="UTF-8"?>
<!-- Generated by org.testng.reporters.JUnitReportReporter -->
<testsuite skipped="0" hostname="DESKTOP-ONH3S9L" name="learnTestNG.TestNGPriority" tests="3" failures="0" timestamp="2020-08-15T12:24:34 CDT" time="101.610" errors="0">
  <testcase name="createLead" time="43.516" classname="learnTestNG.TestNGPriority"/>
  <testcase name="editLead" time="28.968" classname="learnTestNG.TestNGPriority"/>
  <testcase name="deleteLead" time="29.126" classname="learnTestNG.TestNGPriority"/>
</testsuite> <!-- learnTestNG.TestNGPriority -->
