<?xml version="1.0" encoding="UTF-8"?>
<!-- Generated by org.testng.reporters.JUnitReportReporter -->
<testsuite skipped="0" hostname="DESKTOP-ONH3S9L" name="learnTestNG.CreateLead" tests="1" failures="0" timestamp="2020-10-04T23:36:19 CDT" time="30.908" errors="0">
  <testcase name="creatLead" time="30.908" classname="learnTestNG.CreateLead"/>
</testsuite> <!-- learnTestNG.CreateLead -->
