<?xml version="1.0" encoding="UTF-8"?>
<!-- Generated by org.testng.reporters.JUnitReportReporter -->
<testsuite skipped="0" hostname="DESKTOP-ONH3S9L" name="learnTestNG.TestNgAnnotations" tests="3" failures="0" timestamp="2020-07-26T12:14:08 CDT" time="0.027" errors="0">
  <testcase name="test1" time="0.015" classname="learnTestNG.TestNgAnnotations"/>
  <testcase name="test2" time="0.008" classname="learnTestNG.TestNgAnnotations"/>
  <testcase name="test3" time="0.004" classname="learnTestNG.TestNgAnnotations"/>
</testsuite> <!-- learnTestNG.TestNgAnnotations -->
