<?xml version="1.0" encoding="UTF-8"?>
<!-- Generated by org.testng.reporters.JUnitReportReporter -->
<testsuite skipped="0" hostname="DESKTOP-ONH3S9L" name="testCases.EditLead" tests="1" failures="0" timestamp="2020-07-23T18:59:52 CDT" time="39.003" errors="0">
  <testcase name="editLead" time="39.003" classname="testCases.EditLead"/>
</testsuite> <!-- testCases.EditLead -->
