<?xml version="1.0" encoding="UTF-8"?>
<!-- Generated by org.testng.reporters.JUnitReportReporter -->
<testsuite skipped="0" hostname="DESKTOP-ONH3S9L" name="inteData_ExceltestCase.CreateLead" tests="4" failures="0" timestamp="2020-10-24T23:26:18 CDT" time="134.084" errors="0">
  <testcase name="createLead" time="29.130" classname="inteData_ExceltestCase.CreateLead"/>
  <testcase name="createLead" time="34.166" classname="inteData_ExceltestCase.CreateLead"/>
  <testcase name="createLead" time="34.036" classname="inteData_ExceltestCase.CreateLead"/>
  <testcase name="createLead" time="36.752" classname="inteData_ExceltestCase.CreateLead"/>
</testsuite> <!-- inteData_ExceltestCase.CreateLead -->
