<?xml version="1.0" encoding="UTF-8"?>
<!-- Generated by org.testng.reporters.JUnitReportReporter -->
<testsuite skipped="0" hostname="DESKTOP-ONH3S9L" name="testCases02.EditLead" tests="1" failures="0" timestamp="2020-10-04T21:49:39 CDT" time="52.687" errors="0">
  <testcase name="editLead" time="52.687" classname="testCases02.EditLead"/>
</testsuite> <!-- testCases02.EditLead -->
