<?xml version="1.0" encoding="UTF-8"?>
<!-- Generated by org.testng.reporters.JUnitReportReporter -->
<testsuite skipped="0" hostname="DESKTOP-ONH3S9L" name="parameter_testcaseTestNG.ParaCreateLead" tests="1" failures="0" timestamp="2020-10-18T00:49:59 CDT" time="33.050" errors="0">
  <testcase name="createLead" time="33.050" classname="parameter_testcaseTestNG.ParaCreateLead"/>
</testsuite> <!-- parameter_testcaseTestNG.ParaCreateLead -->
