<?xml version="1.0" encoding="UTF-8"?>
<!-- Generated by org.testng.reporters.JUnitReportReporter -->
<testsuite skipped="0" hostname="DESKTOP-ONH3S9L" name="testCases02.CreateLead" tests="1" failures="0" timestamp="2020-10-04T21:49:39 CDT" time="50.834" errors="0">
  <testcase name="creatLead" time="50.834" classname="testCases02.CreateLead"/>
</testsuite> <!-- testCases02.CreateLead -->
