<?xml version="1.0" encoding="UTF-8"?>
<!-- Generated by org.testng.reporters.JUnitReportReporter -->
<testsuite skipped="0" hostname="DESKTOP-ONH3S9L" name="extentReports.ExtentReportDemoTestMG" tests="2" failures="0" timestamp="2020-08-24T22:22:22 CDT" time="7.150" errors="0">
  <testcase name="test2" time="0.001" classname="extentReports.ExtentReportDemoTestMG"/>
  <testcase name="test1" time="7.149" classname="extentReports.ExtentReportDemoTestMG"/>
</testsuite> <!-- extentReports.ExtentReportDemoTestMG -->
