<?xml version="1.0" encoding="UTF-8"?>
<!-- Generated by org.testng.reporters.JUnitReportReporter -->
<testsuite skipped="0" hostname="DESKTOP-ONH3S9L" name="testCases.DeleteLead" tests="1" failures="0" timestamp="2020-07-23T16:59:28 CDT" time="68.039" errors="0">
  <testcase name="deleteLead" time="68.039" classname="testCases.DeleteLead"/>
</testsuite> <!-- testCases.DeleteLead -->
